2023-03-13 15:55:30,721 721ms - (peer_to_peer_com.py:260) - DEBUG - input device: 25      output device: 25 
2023-03-13 15:55:30,725 725ms - (AudioManager.py:76) - DEBUG - recording chunk... 
2023-03-13 15:55:32,282 282ms - (processing_hub.py:100) - DEBUG - pre modulation init 
2023-03-13 15:55:32,299 299ms - (ASK_Modulator.py:11) - DEBUG - ASK modulation init 
2023-03-13 15:55:32,299 299ms - (ASK_Modulator.py:17) - DEBUG - ASK modulation started 
2023-03-13 15:55:32,304 304ms - (ASK_Modulator.py:18) - DEBUG - ASK modulation loaded config: '{'sample_rate[Hz]': 44100, 'carrier_frequency[Hz]': 3000, 'one_symbol_amplitude': 1.0, 'zero_symbol_amplitude': 0.1, 'silence_at_start[s]': 0.1, 'silence_at_end[s]': 0.1}' 
2023-03-13 15:55:32,310 310ms - (ASK_Modulator.py:32) - DEBUG - data to modulate: 
11111111
01110100
01100101
01110011
01110100
00000000
00100110
10000000 
2023-03-13 15:55:32,310 310ms - (ASK_Modulator.py:33) - DEBUG - data length: 64 symbols 
2023-03-13 15:55:32,310 310ms - (ASK_Modulator.py:41) - DEBUG - modulated data length: 3.2s 
2023-03-13 15:55:32,455 455ms - (ASK_Modulator.py:67) - INFO - applying filter... 
2023-03-13 15:55:32,528 528ms - (ASK_Modulator.py:91) - INFO - modulation complete! 
2023-03-13 15:55:38,035 035ms - (AudioManager.py:76) - DEBUG - recording chunk... 
2023-03-13 15:55:42,303 303ms - (processing_hub.py:100) - DEBUG - pre modulation init 
2023-03-13 15:55:42,336 336ms - (ASK_Modulator.py:11) - DEBUG - ASK modulation init 
2023-03-13 15:55:42,336 336ms - (ASK_Modulator.py:17) - DEBUG - ASK modulation started 
2023-03-13 15:55:42,342 342ms - (ASK_Modulator.py:18) - DEBUG - ASK modulation loaded config: '{'sample_rate[Hz]': 44100, 'carrier_frequency[Hz]': 3000, 'one_symbol_amplitude': 1.0, 'zero_symbol_amplitude': 0.1, 'silence_at_start[s]': 0.1, 'silence_at_end[s]': 0.1}' 
2023-03-13 15:55:42,347 347ms - (ASK_Modulator.py:32) - DEBUG - data to modulate: 
11111111
01101111
00100000
01101011
01110101
01110010
11000001
10000000
11111111
01110111
01100001
00100000
01100100
01111010
01110111
10000000
11111111
01101001
01100001
01100001
00100000
01111000
11111011
10000000
11111111
01000100
00000000
00000000
00000000
00000000
01000111
10000000 
2023-03-13 15:55:42,352 352ms - (ASK_Modulator.py:33) - DEBUG - data length: 256 symbols 
2023-03-13 15:55:42,352 352ms - (ASK_Modulator.py:41) - DEBUG - modulated data length: 12.8s 
2023-03-13 15:55:42,708 708ms - (ASK_Modulator.py:67) - INFO - applying filter... 
2023-03-13 15:55:42,795 795ms - (ASK_Modulator.py:91) - INFO - modulation complete! 
2023-03-13 15:55:44,485 485ms - (AudioManager.py:76) - DEBUG - recording chunk... 
2023-03-13 15:55:48,917 917ms - (AudioManager.py:76) - DEBUG - recording chunk... 
2023-03-13 15:55:53,525 525ms - (AudioManager.py:76) - DEBUG - recording chunk... 
2023-03-13 15:55:58,645 645ms - (AudioManager.py:76) - DEBUG - recording chunk... 
2023-03-13 15:56:05,157 157ms - (AudioManager.py:76) - DEBUG - recording chunk... 
2023-03-13 15:56:11,982 982ms - (AudioManager.py:76) - DEBUG - recording chunk... 
2023-03-13 15:56:19,034 034ms - (AudioManager.py:76) - DEBUG - recording chunk... 
2023-03-13 15:56:26,196 196ms - (AudioManager.py:76) - DEBUG - recording chunk... 
2023-03-13 15:56:32,706 706ms - (AudioManager.py:76) - DEBUG - recording chunk... 
2023-03-13 15:56:39,347 347ms - (AudioManager.py:76) - DEBUG - recording chunk... 
2023-03-13 15:56:46,002 002ms - (AudioManager.py:76) - DEBUG - recording chunk... 
2023-03-13 15:56:53,264 264ms - (AudioManager.py:76) - DEBUG - recording chunk... 
2023-03-13 15:57:00,004 004ms - (AudioManager.py:76) - DEBUG - recording chunk... 
2023-03-13 15:57:06,907 907ms - (AudioManager.py:76) - DEBUG - recording chunk... 
2023-03-13 15:57:13,002 002ms - (AudioManager.py:76) - DEBUG - recording chunk... 
2023-03-13 15:57:20,164 164ms - (AudioManager.py:76) - DEBUG - recording chunk... 
2023-03-13 15:57:26,883 883ms - (AudioManager.py:76) - DEBUG - recording chunk... 
2023-03-13 15:57:33,695 695ms - (AudioManager.py:76) - DEBUG - recording chunk... 
2023-03-13 15:57:40,467 467ms - (AudioManager.py:76) - DEBUG - recording chunk... 
2023-03-13 15:57:47,447 447ms - (AudioManager.py:76) - DEBUG - recording chunk... 
2023-03-13 15:57:53,792 792ms - (AudioManager.py:76) - DEBUG - recording chunk... 
2023-03-13 15:58:00,728 728ms - (AudioManager.py:76) - DEBUG - recording chunk... 
2023-03-13 15:58:07,376 376ms - (AudioManager.py:76) - DEBUG - recording chunk... 
2023-03-13 15:58:14,253 253ms - (AudioManager.py:76) - DEBUG - recording chunk... 
2023-03-13 15:58:21,743 743ms - (AudioManager.py:76) - DEBUG - recording chunk... 
2023-03-13 15:58:28,799 799ms - (AudioManager.py:76) - DEBUG - recording chunk... 
2023-03-13 15:58:35,422 422ms - (AudioManager.py:76) - DEBUG - recording chunk... 
2023-03-13 15:58:41,963 963ms - (AudioManager.py:76) - DEBUG - recording chunk... 
2023-03-13 15:58:48,837 837ms - (AudioManager.py:76) - DEBUG - recording chunk... 
2023-03-13 15:58:55,153 153ms - (AudioManager.py:76) - DEBUG - recording chunk... 
2023-03-13 15:59:01,466 466ms - (AudioManager.py:76) - DEBUG - recording chunk... 
2023-03-13 15:59:07,961 961ms - (AudioManager.py:76) - DEBUG - recording chunk... 
2023-03-13 15:59:14,337 337ms - (AudioManager.py:76) - DEBUG - recording chunk... 
2023-03-13 15:59:21,133 133ms - (AudioManager.py:76) - DEBUG - recording chunk... 
2023-03-13 15:59:28,080 080ms - (AudioManager.py:76) - DEBUG - recording chunk... 
2023-03-13 15:59:34,371 371ms - (AudioManager.py:76) - DEBUG - recording chunk... 
2023-03-13 15:59:41,266 266ms - (AudioManager.py:76) - DEBUG - recording chunk... 
2023-03-13 15:59:48,105 105ms - (AudioManager.py:76) - DEBUG - recording chunk... 
2023-03-13 15:59:54,628 628ms - (AudioManager.py:76) - DEBUG - recording chunk... 
2023-03-13 16:00:01,311 311ms - (AudioManager.py:76) - DEBUG - recording chunk... 
2023-03-13 16:00:07,621 621ms - (AudioManager.py:76) - DEBUG - recording chunk... 
2023-03-13 16:00:14,573 573ms - (AudioManager.py:76) - DEBUG - recording chunk... 
2023-03-13 16:00:21,636 636ms - (AudioManager.py:76) - DEBUG - recording chunk... 
2023-03-13 16:00:28,167 167ms - (AudioManager.py:76) - DEBUG - recording chunk... 
2023-03-13 16:00:34,873 873ms - (AudioManager.py:76) - DEBUG - recording chunk... 
2023-03-13 16:00:41,795 795ms - (AudioManager.py:76) - DEBUG - recording chunk... 
2023-03-13 16:00:48,428 428ms - (AudioManager.py:76) - DEBUG - recording chunk... 
2023-03-13 16:00:54,980 980ms - (AudioManager.py:76) - DEBUG - recording chunk... 
2023-03-13 16:01:01,947 947ms - (AudioManager.py:76) - DEBUG - recording chunk... 
2023-03-13 16:01:08,574 574ms - (AudioManager.py:76) - DEBUG - recording chunk... 
2023-03-13 16:01:15,470 470ms - (AudioManager.py:76) - DEBUG - recording chunk... 
2023-03-13 16:01:22,376 376ms - (AudioManager.py:76) - DEBUG - recording chunk... 
2023-03-13 16:01:29,027 027ms - (AudioManager.py:76) - DEBUG - recording chunk... 
2023-03-13 16:01:35,423 423ms - (AudioManager.py:76) - DEBUG - recording chunk... 
2023-03-13 16:01:42,309 309ms - (AudioManager.py:76) - DEBUG - recording chunk... 
2023-03-13 16:01:49,134 134ms - (AudioManager.py:76) - DEBUG - recording chunk... 
2023-03-13 16:01:55,785 785ms - (AudioManager.py:76) - DEBUG - recording chunk... 
2023-03-13 16:02:02,642 642ms - (AudioManager.py:76) - DEBUG - recording chunk... 
2023-03-13 16:02:09,482 482ms - (AudioManager.py:76) - DEBUG - recording chunk... 
2023-03-13 16:02:16,117 117ms - (AudioManager.py:76) - DEBUG - recording chunk... 
2023-03-13 16:02:23,128 128ms - (AudioManager.py:76) - DEBUG - recording chunk... 
2023-03-13 16:02:30,126 126ms - (AudioManager.py:76) - DEBUG - recording chunk... 
2023-03-13 16:02:36,567 567ms - (AudioManager.py:76) - DEBUG - recording chunk... 
2023-03-13 16:02:42,826 826ms - (AudioManager.py:76) - DEBUG - recording chunk... 
2023-03-13 16:02:49,715 715ms - (AudioManager.py:76) - DEBUG - recording chunk... 
2023-03-13 16:02:56,470 470ms - (AudioManager.py:76) - DEBUG - recording chunk... 
2023-03-13 16:03:03,325 325ms - (AudioManager.py:76) - DEBUG - recording chunk... 
2023-03-13 16:03:10,524 524ms - (AudioManager.py:76) - DEBUG - recording chunk... 
2023-03-13 16:03:17,811 811ms - (AudioManager.py:76) - DEBUG - recording chunk... 
2023-03-13 16:03:24,685 685ms - (AudioManager.py:76) - DEBUG - recording chunk... 
2023-03-13 16:03:31,692 692ms - (AudioManager.py:76) - DEBUG - recording chunk... 
2023-03-13 16:03:38,575 575ms - (AudioManager.py:76) - DEBUG - recording chunk... 
2023-03-13 16:03:45,454 454ms - (AudioManager.py:76) - DEBUG - recording chunk... 
2023-03-13 16:03:51,969 969ms - (AudioManager.py:76) - DEBUG - recording chunk... 
2023-03-13 16:03:59,111 111ms - (AudioManager.py:76) - DEBUG - recording chunk... 
2023-03-13 16:04:06,134 134ms - (AudioManager.py:76) - DEBUG - recording chunk... 
2023-03-13 16:04:13,188 188ms - (AudioManager.py:76) - DEBUG - recording chunk... 
2023-03-13 16:04:19,811 811ms - (AudioManager.py:76) - DEBUG - recording chunk... 
2023-03-13 16:04:26,965 965ms - (AudioManager.py:76) - DEBUG - recording chunk... 
2023-03-13 16:04:33,613 613ms - (AudioManager.py:76) - DEBUG - recording chunk... 
2023-03-13 16:04:40,526 526ms - (AudioManager.py:76) - DEBUG - recording chunk... 
2023-03-13 16:04:47,554 554ms - (AudioManager.py:76) - DEBUG - recording chunk... 
2023-03-13 16:04:54,523 523ms - (AudioManager.py:76) - DEBUG - recording chunk... 
2023-03-13 16:05:01,260 260ms - (AudioManager.py:76) - DEBUG - recording chunk... 
2023-03-13 16:05:07,947 947ms - (AudioManager.py:76) - DEBUG - recording chunk... 
2023-03-13 16:05:14,415 415ms - (AudioManager.py:76) - DEBUG - recording chunk... 
2023-03-13 16:05:21,521 521ms - (AudioManager.py:76) - DEBUG - recording chunk... 
2023-03-13 16:05:28,795 795ms - (AudioManager.py:76) - DEBUG - recording chunk... 
2023-03-13 16:05:35,387 387ms - (AudioManager.py:76) - DEBUG - recording chunk... 
2023-03-13 16:05:42,255 255ms - (AudioManager.py:76) - DEBUG - recording chunk... 
2023-03-13 16:05:48,731 731ms - (AudioManager.py:76) - DEBUG - recording chunk... 
2023-03-13 16:05:55,475 475ms - (AudioManager.py:76) - DEBUG - recording chunk... 
2023-03-13 16:06:01,932 932ms - (AudioManager.py:76) - DEBUG - recording chunk... 
2023-03-13 16:06:08,212 212ms - (AudioManager.py:76) - DEBUG - recording chunk... 
2023-03-13 16:06:15,153 153ms - (AudioManager.py:76) - DEBUG - recording chunk... 
2023-03-13 16:06:21,587 587ms - (AudioManager.py:76) - DEBUG - recording chunk... 
2023-03-13 16:06:27,911 911ms - (AudioManager.py:76) - DEBUG - recording chunk... 
2023-03-13 16:06:34,810 810ms - (AudioManager.py:76) - DEBUG - recording chunk... 
2023-03-13 16:06:41,150 150ms - (AudioManager.py:76) - DEBUG - recording chunk... 
2023-03-13 16:06:48,321 321ms - (AudioManager.py:76) - DEBUG - recording chunk... 
2023-03-13 16:06:55,413 413ms - (AudioManager.py:76) - DEBUG - recording chunk... 
2023-03-13 16:07:02,099 099ms - (AudioManager.py:76) - DEBUG - recording chunk... 
2023-03-13 16:07:07,931 931ms - (AudioManager.py:76) - DEBUG - recording chunk... 
2023-03-13 16:07:14,675 675ms - (AudioManager.py:76) - DEBUG - recording chunk... 
